Using pre-set license
Built from '2021.3/staging' branch; Version is '2021.3.1f1 (3b70a0754835) revision 3895456'; Using compiler version '192829333'; Build Type 'Release'
OS: 'Windows 11  (10.0.22494) 64bit Core' Language: 'ko' Physical Memory: 32647 MB
BatchMode: 1, IsHumanControllingUs: 0, StartBugReporterOnCrash: 0, Is64bit: 1, IsPro: 1

COMMAND LINE ARGUMENTS:
D:\Unity\2021.3.1f1\Editor\Unity.exe
-adb2
-batchMode
-noUpm
-name
AssetImportWorker1
-projectPath
D:/D-workspace/unity/Craft Survival/Craft Survival
-logFile
Logs/AssetImportWorker1.log
-srvPort
13282
Successfully changed project path to: D:/D-workspace/unity/Craft Survival/Craft Survival
D:/D-workspace/unity/Craft Survival/Craft Survival
[UnityMemory] Configuration Parameters - Can be set up in boot.config
    "memorysetup-bucket-allocator-granularity=16"
    "memorysetup-bucket-allocator-bucket-count=8"
    "memorysetup-bucket-allocator-block-size=33554432"
    "memorysetup-bucket-allocator-block-count=8"
    "memorysetup-main-allocator-block-size=16777216"
    "memorysetup-thread-allocator-block-size=16777216"
    "memorysetup-gfx-main-allocator-block-size=16777216"
    "memorysetup-gfx-thread-allocator-block-size=16777216"
    "memorysetup-cache-allocator-block-size=4194304"
    "memorysetup-typetree-allocator-block-size=2097152"
    "memorysetup-profiler-bucket-allocator-granularity=16"
    "memorysetup-profiler-bucket-allocator-bucket-count=8"
    "memorysetup-profiler-bucket-allocator-block-size=33554432"
    "memorysetup-profiler-bucket-allocator-block-count=8"
    "memorysetup-profiler-allocator-block-size=16777216"
    "memorysetup-profiler-editor-allocator-block-size=1048576"
    "memorysetup-temp-allocator-size-main=16777216"
    "memorysetup-job-temp-allocator-block-size=2097152"
    "memorysetup-job-temp-allocator-block-size-background=1048576"
    "memorysetup-job-temp-allocator-reduction-small-platforms=262144"
    "memorysetup-temp-allocator-size-background-worker=32768"
    "memorysetup-temp-allocator-size-job-worker=262144"
    "memorysetup-temp-allocator-size-preload-manager=33554432"
    "memorysetup-temp-allocator-size-nav-mesh-worker=65536"
    "memorysetup-temp-allocator-size-audio-worker=65536"
    "memorysetup-temp-allocator-size-cloud-worker=32768"
    "memorysetup-temp-allocator-size-gi-baking-worker=262144"
    "memorysetup-temp-allocator-size-gfx=262144"
Refreshing native plugins compatible for Editor in 62.33 ms, found 3 plugins.
Preloading 0 native plugins for Editor in 0.00 ms.
Initialize engine version: 2021.3.1f1 (3b70a0754835)
[Subsystems] Discovering subsystems at path D:/Unity/2021.3.1f1/Editor/Data/Resources/UnitySubsystems
[Subsystems] Discovering subsystems at path D:/D-workspace/unity/Craft Survival/Craft Survival/Assets
GfxDevice: creating device client; threaded=0; jobified=0
Direct3D:
    Version:  Direct3D 11.0 [level 11.1]
    Renderer: NVIDIA GeForce GTX 1650 (ID=0x1f91)
    Vendor:   NVIDIA
    VRAM:     3962 MB
    Driver:   27.21.14.5749
Initialize mono
Mono path[0] = 'D:/Unity/2021.3.1f1/Editor/Data/Managed'
Mono path[1] = 'D:/Unity/2021.3.1f1/Editor/Data/MonoBleedingEdge/lib/mono/unityjit-win32'
Mono config path = 'D:/Unity/2021.3.1f1/Editor/Data/MonoBleedingEdge/etc'
Using monoOptions --debugger-agent=transport=dt_socket,embedding=1,server=y,suspend=n,address=127.0.0.1:56084
Begin MonoManager ReloadAssembly
Registering precompiled unity dll's ...
Register platform support module: D:/Unity/2021.3.1f1/Editor/Data/PlaybackEngines/WindowsStandaloneSupport/UnityEditor.WindowsStandalone.Extensions.dll
Registered in 0.002955 seconds.
Native extension for WindowsStandalone target not found
Refreshing native plugins compatible for Editor in 50.26 ms, found 3 plugins.
Preloading 0 native plugins for Editor in 0.00 ms.
Mono: successfully reloaded assembly
- Completed reload, in  0.858 seconds
Domain Reload Profiling:
	ReloadAssembly (858ms)
		BeginReloadAssembly (150ms)
			ExecutionOrderSort (0ms)
			DisableScriptedObjects (0ms)
			BackupInstance (0ms)
			ReleaseScriptingObjects (0ms)
			CreateAndSetChildDomain (1ms)
		EndReloadAssembly (565ms)
			LoadAssemblies (150ms)
			RebuildTransferFunctionScriptingTraits (0ms)
			SetupTypeCache (147ms)
			ReleaseScriptCaches (0ms)
			RebuildScriptCaches (46ms)
			SetupLoadedEditorAssemblies (303ms)
				LogAssemblyErrors (0ms)
				InitializePlatformSupportModulesInManaged (8ms)
				SetLoadedEditorAssemblies (0ms)
				RefreshPlugins (50ms)
				BeforeProcessingInitializeOnLoad (2ms)
				ProcessInitializeOnLoadAttributes (176ms)
				ProcessInitializeOnLoadMethodAttributes (67ms)
				AfterProcessingInitializeOnLoad (0ms)
				EditorAssembliesLoaded (0ms)
			ExecutionOrderSort2 (0ms)
			AwakeInstancesAfterBackupRestoration (0ms)
Platform modules already initialized, skipping
Registering precompiled user dll's ...
Registered in 0.008328 seconds.
Begin MonoManager ReloadAssembly
Symbol file LoadedFromMemory is not a mono symbol file
Native extension for WindowsStandalone target not found
Refreshing native plugins compatible for Editor in 46.35 ms, found 3 plugins.
Preloading 0 native plugins for Editor in 0.00 ms.
Mono: successfully reloaded assembly
- Completed reload, in  1.241 seconds
Domain Reload Profiling:
	ReloadAssembly (1242ms)
		BeginReloadAssembly (217ms)
			ExecutionOrderSort (0ms)
			DisableScriptedObjects (8ms)
			BackupInstance (0ms)
			ReleaseScriptingObjects (0ms)
			CreateAndSetChildDomain (27ms)
		EndReloadAssembly (888ms)
			LoadAssemblies (218ms)
			RebuildTransferFunctionScriptingTraits (0ms)
			SetupTypeCache (254ms)
			ReleaseScriptCaches (1ms)
			RebuildScriptCaches (55ms)
			SetupLoadedEditorAssemblies (387ms)
				LogAssemblyErrors (0ms)
				InitializePlatformSupportModulesInManaged (3ms)
				SetLoadedEditorAssemblies (0ms)
				RefreshPlugins (46ms)
				BeforeProcessingInitializeOnLoad (68ms)
				ProcessInitializeOnLoadAttributes (224ms)
				ProcessInitializeOnLoadMethodAttributes (42ms)
				AfterProcessingInitializeOnLoad (3ms)
				EditorAssembliesLoaded (0ms)
			ExecutionOrderSort2 (0ms)
			AwakeInstancesAfterBackupRestoration (13ms)
Platform modules already initialized, skipping
========================================================================
Worker process is ready to serve import requests
Launched and connected shader compiler UnityShaderCompiler.exe after 0.08 seconds
Refreshing native plugins compatible for Editor in 0.59 ms, found 3 plugins.
Preloading 0 native plugins for Editor in 0.00 ms.
Unloading 2371 Unused Serialized files (Serialized files now loaded: 0)
Unloading 30 unused Assets / (55.6 KB). Loaded Objects now: 2838.
Memory consumption went from 113.0 MB to 112.9 MB.
Total: 4.608200 ms (FindLiveObjects: 0.320600 ms CreateObjectMapping: 0.196600 ms MarkObjects: 3.949900 ms  DeleteObjects: 0.139100 ms)

AssetImportParameters requested are different than current active one (requested -> active):
  graphicsApiMask: 2097156 -> 4
  custom:video-decoder-ogg-theora: a1e56fd34408186e4bbccfd4996cb3dc -> 
  custom:container-muxer-webm: aa71ff27fc2769a1b78a27578f13a17b -> 
  custom:container-demuxer-webm: 4f35f7cbe854078d1ac9338744f61a02 -> 
  custom:video-encoder-webm-vp8: eb34c28f22e8b96e1ab97ce403110664 -> 
  custom:video-codec-MediaFoundation-h265: 746d11721c4dcdbdad8f713fa42b33f4 -> 
  custom:audio-encoder-webm-vorbis: bf7c407c2cedff20999df2af8eb42d56 -> 
  custom:framework-win-MediaFoundation: 216162199b28c13a410421893ffa2e32 -> 
  custom:container-demuxer-ogg: 62fdf1f143b41e24485cea50d1cbac27 -> 
  custom:video-decoder-webm-vp8: 9c59270c3fd7afecdb556c50c9e8de78 -> 
  custom:audio-decoder-ogg-vorbis: bf7c407c2cedff20999df2af8eb42d56 -> 
========================================================================
Received Import Request.
  Time since last request: 86243.444232 seconds.
  path: Assets/Low Poly Christmas Pack Free/FBX/004 Gift_Box.fbx
  artifactKey: Guid(d8613adc92a674fc599435e771ea661d) Importer(2089858483,934ff659095e30574adcf32a4c2f97b5)
Start importing Assets/Low Poly Christmas Pack Free/FBX/004 Gift_Box.fbx using Guid(d8613adc92a674fc599435e771ea661d) Importer(2089858483,934ff659095e30574adcf32a4c2f97b5) Generated GUIDs only implemented for interfaces!
 -> (artifact id: '367401384b6a737bc26689798350f97c') in 0.217088 seconds 
========================================================================
Received Import Request.
  Time since last request: 0.000023 seconds.
  path: Assets/Low Poly Christmas Pack Free/FBX/016 Xmas_Tree.fbx
  artifactKey: Guid(63cb5028760324f5f8fdccbe150c122d) Importer(2089858483,934ff659095e30574adcf32a4c2f97b5)
Start importing Assets/Low Poly Christmas Pack Free/FBX/016 Xmas_Tree.fbx using Guid(63cb5028760324f5f8fdccbe150c122d) Importer(2089858483,934ff659095e30574adcf32a4c2f97b5) Generated GUIDs only implemented for interfaces!
 -> (artifact id: '83fc7016513017b6fb4592bd1c1a8336') in 0.021787 seconds 
========================================================================
Received Import Request.
  Time since last request: 0.000031 seconds.
  path: Assets/TileSets/sand stones.asset
  artifactKey: Guid(4082be80570fbe548ac5985635d4b641) Importer(2089858483,934ff659095e30574adcf32a4c2f97b5)
Start importing Assets/TileSets/sand stones.asset using Guid(4082be80570fbe548ac5985635d4b641) Importer(2089858483,934ff659095e30574adcf32a4c2f97b5) Generated GUIDs only implemented for interfaces!
 -> (artifact id: 'f6c561d2b2f91bc4dd28be51c3924e62') in 0.012729 seconds 
========================================================================
Received Import Request.
  Time since last request: 0.000019 seconds.
  path: Assets/Low Poly Christmas Pack Free/FBX/014 Gift_Box.fbx
  artifactKey: Guid(46d48d452147249dcadc3d1763fc2f39) Importer(2089858483,934ff659095e30574adcf32a4c2f97b5)
Start importing Assets/Low Poly Christmas Pack Free/FBX/014 Gift_Box.fbx using Guid(46d48d452147249dcadc3d1763fc2f39) Importer(2089858483,934ff659095e30574adcf32a4c2f97b5) Generated GUIDs only implemented for interfaces!
 -> (artifact id: '5a7f953fcf5e8bbf5f2caa2f2066d2b6') in 0.018764 seconds 
========================================================================
Received Import Request.
  Time since last request: 0.000029 seconds.
  path: Assets/Stones_and_buried_treasure/MainScenseSettings.lighting
  artifactKey: Guid(26eeb27cd2fa055468c5e23ac5cc7468) Importer(2089858483,934ff659095e30574adcf32a4c2f97b5)
Start importing Assets/Stones_and_buried_treasure/MainScenseSettings.lighting using Guid(26eeb27cd2fa055468c5e23ac5cc7468) Importer(2089858483,934ff659095e30574adcf32a4c2f97b5) Generated GUIDs only implemented for interfaces!
 -> (artifact id: 'd0a4c942e68df889fd48693f2b6c9bc7') in 0.010283 seconds 
========================================================================
Received Import Request.
  Time since last request: 0.000030 seconds.
  path: Assets/Textures/leafs dark.tga
  artifactKey: Guid(189018b9bad320d4882f7b1010d12a55) Importer(2089858483,934ff659095e30574adcf32a4c2f97b5)
Start importing Assets/Textures/leafs dark.tga using Guid(189018b9bad320d4882f7b1010d12a55) Importer(2089858483,934ff659095e30574adcf32a4c2f97b5) Generated GUIDs only implemented for interfaces!
 -> (artifact id: 'b320b5108307fd798e970f54ce7c6c72') in 0.029418 seconds 
========================================================================
Received Import Request.
  Time since last request: 0.000021 seconds.
  path: Assets/Textures/sand stones.tga
  artifactKey: Guid(32e1f804f7b0df04eb563bea2f424c08) Importer(2089858483,934ff659095e30574adcf32a4c2f97b5)
Start importing Assets/Textures/sand stones.tga using Guid(32e1f804f7b0df04eb563bea2f424c08) Importer(2089858483,934ff659095e30574adcf32a4c2f97b5) Generated GUIDs only implemented for interfaces!
 -> (artifact id: '0bce61dd108b507f3a9f3e2ddca63d50') in 0.015654 seconds 
========================================================================
Received Import Request.
  Time since last request: 0.000039 seconds.
  path: Assets/Low Poly Christmas Pack Free/FBX/044 Xmas_Tree.fbx
  artifactKey: Guid(5e272de2ceb714f7a871eb7b868ac4b5) Importer(2089858483,934ff659095e30574adcf32a4c2f97b5)
Start importing Assets/Low Poly Christmas Pack Free/FBX/044 Xmas_Tree.fbx using Guid(5e272de2ceb714f7a871eb7b868ac4b5) Importer(2089858483,934ff659095e30574adcf32a4c2f97b5) Generated GUIDs only implemented for interfaces!
 -> (artifact id: '113bde4e77deeb02e64ae9f651799337') in 0.022521 seconds 
========================================================================
Received Import Request.
  Time since last request: 0.000023 seconds.
  path: Assets/Low Poly Christmas Pack Free/FBX/040 Xmas_Bell.fbx
  artifactKey: Guid(f5147060c1d1549eaa0c8c9c919f29d1) Importer(2089858483,934ff659095e30574adcf32a4c2f97b5)
Start importing Assets/Low Poly Christmas Pack Free/FBX/040 Xmas_Bell.fbx using Guid(f5147060c1d1549eaa0c8c9c919f29d1) Importer(2089858483,934ff659095e30574adcf32a4c2f97b5) Generated GUIDs only implemented for interfaces!
 -> (artifact id: '7c3d941a386632b6a2aada975ed1d958') in 0.014207 seconds 
========================================================================
Received Import Request.
  Time since last request: 0.000030 seconds.
  path: Assets/Low Poly Christmas Pack Free/FBX/063 Xmas_Girl.fbx
  artifactKey: Guid(41ae0862367f643c5a9b9b4d6f15897a) Importer(2089858483,934ff659095e30574adcf32a4c2f97b5)
Start importing Assets/Low Poly Christmas Pack Free/FBX/063 Xmas_Girl.fbx using Guid(41ae0862367f643c5a9b9b4d6f15897a) Importer(2089858483,934ff659095e30574adcf32a4c2f97b5) Generated GUIDs only implemented for interfaces!
 -> (artifact id: 'fca477d0a056ec5cd6978f63c651d214') in 0.032535 seconds 
========================================================================
Received Import Request.
  Time since last request: 0.000046 seconds.
  path: Assets/Low Poly Christmas Pack Free/FBX/067 Santa_claus.fbx
  artifactKey: Guid(1c67e1360a1a343548688ae8bd27a80a) Importer(2089858483,934ff659095e30574adcf32a4c2f97b5)
Start importing Assets/Low Poly Christmas Pack Free/FBX/067 Santa_claus.fbx using Guid(1c67e1360a1a343548688ae8bd27a80a) Importer(2089858483,934ff659095e30574adcf32a4c2f97b5) Generated GUIDs only implemented for interfaces!
 -> (artifact id: '06683c03064252d168ab64d4c9437ef0') in 0.044457 seconds 
========================================================================
Received Import Request.
  Time since last request: 0.000053 seconds.
  path: Assets/Materials/dirt stones.mat
  artifactKey: Guid(7797c77125dfe0e489d0745582f6802c) Importer(2089858483,934ff659095e30574adcf32a4c2f97b5)
Start importing Assets/Materials/dirt stones.mat using Guid(7797c77125dfe0e489d0745582f6802c) Importer(2089858483,934ff659095e30574adcf32a4c2f97b5) Generated GUIDs only implemented for interfaces!
 -> (artifact id: '9ad7b30fd7fd290813bc4f1cd740612a') in 0.015838 seconds 
========================================================================
Received Import Request.
  Time since last request: 0.000058 seconds.
  path: Assets/TileSets/dirt stones.asset
  artifactKey: Guid(1410fbcf90549cb4c96b93e24ab5cbd6) Importer(2089858483,934ff659095e30574adcf32a4c2f97b5)
Start importing Assets/TileSets/dirt stones.asset using Guid(1410fbcf90549cb4c96b93e24ab5cbd6) Importer(2089858483,934ff659095e30574adcf32a4c2f97b5) Generated GUIDs only implemented for interfaces!
 -> (artifact id: 'b2cdcb71564ce145aeda3eefcd037cf7') in 0.010088 seconds 
========================================================================
Received Import Request.
  Time since last request: 0.000031 seconds.
  path: Assets/Textures/ice.tga
  artifactKey: Guid(f024bd363932a77478281abf00186900) Importer(2089858483,934ff659095e30574adcf32a4c2f97b5)
Start importing Assets/Textures/ice.tga using Guid(f024bd363932a77478281abf00186900) Importer(2089858483,934ff659095e30574adcf32a4c2f97b5) Generated GUIDs only implemented for interfaces!
 -> (artifact id: '81165aed14aaf442b9b48cf6a893ddce') in 0.017751 seconds 
========================================================================
Received Import Request.
  Time since last request: 0.000031 seconds.
  path: Assets/Low Poly Christmas Pack Free/FBX/049 Xmas_Tree.fbx
  artifactKey: Guid(a1ee1886880eb44c2953fdb41d502c2b) Importer(2089858483,934ff659095e30574adcf32a4c2f97b5)
Start importing Assets/Low Poly Christmas Pack Free/FBX/049 Xmas_Tree.fbx using Guid(a1ee1886880eb44c2953fdb41d502c2b) Importer(2089858483,934ff659095e30574adcf32a4c2f97b5) Generated GUIDs only implemented for interfaces!
 -> (artifact id: '6ad1485a4fde590548dc39f32ba2eeb3') in 0.054255 seconds 
========================================================================
Received Import Request.
  Time since last request: 0.000024 seconds.
  path: Assets/Materials/leafs.mat
  artifactKey: Guid(7c01593c5d37ef04ab1b92759468326e) Importer(2089858483,934ff659095e30574adcf32a4c2f97b5)
Start importing Assets/Materials/leafs.mat using Guid(7c01593c5d37ef04ab1b92759468326e) Importer(2089858483,934ff659095e30574adcf32a4c2f97b5) Generated GUIDs only implemented for interfaces!
 -> (artifact id: '60f45c4104468545a3f7328d206f455f') in 0.014997 seconds 
========================================================================
Received Import Request.
  Time since last request: 0.000054 seconds.
  path: Assets/Low Poly Christmas Pack Free/FBX/062 Rabbit.fbx
  artifactKey: Guid(19a3440c4b36c4cb58b874514c77e0c4) Importer(2089858483,934ff659095e30574adcf32a4c2f97b5)
Start importing Assets/Low Poly Christmas Pack Free/FBX/062 Rabbit.fbx using Guid(19a3440c4b36c4cb58b874514c77e0c4) Importer(2089858483,934ff659095e30574adcf32a4c2f97b5) Generated GUIDs only implemented for interfaces!
 -> (artifact id: 'bb9bc2a2bc5e1df6c6b1256cab13f723') in 0.050378 seconds 
========================================================================
Received Import Request.
  Time since last request: 0.000039 seconds.
  path: Assets/Materials/leafs dark.mat
  artifactKey: Guid(5eaee087cbd566e4399a5039402570ae) Importer(2089858483,934ff659095e30574adcf32a4c2f97b5)
Start importing Assets/Materials/leafs dark.mat using Guid(5eaee087cbd566e4399a5039402570ae) Importer(2089858483,934ff659095e30574adcf32a4c2f97b5) Generated GUIDs only implemented for interfaces!
 -> (artifact id: 'dba0e543db23a6a3af5c8ad73d409ccc') in 0.009350 seconds 
========================================================================
Received Import Request.
  Time since last request: 0.000023 seconds.
  path: Assets/Textures/dirt stones eary yellow.tga
  artifactKey: Guid(2f1151f3b40e6524781ab276955c84f7) Importer(2089858483,934ff659095e30574adcf32a4c2f97b5)
Start importing Assets/Textures/dirt stones eary yellow.tga using Guid(2f1151f3b40e6524781ab276955c84f7) Importer(2089858483,934ff659095e30574adcf32a4c2f97b5) Generated GUIDs only implemented for interfaces!
 -> (artifact id: '98d417a1c86197d283c1ea5074063ead') in 0.016874 seconds 
========================================================================
Received Import Request.
  Time since last request: 0.000051 seconds.
  path: Assets/Low Poly Christmas Pack Free/FBX/001 Snowman.fbx
  artifactKey: Guid(0f014151f33ae4ca1801bd402cacffe8) Importer(2089858483,934ff659095e30574adcf32a4c2f97b5)
Start importing Assets/Low Poly Christmas Pack Free/FBX/001 Snowman.fbx using Guid(0f014151f33ae4ca1801bd402cacffe8) Importer(2089858483,934ff659095e30574adcf32a4c2f97b5) Generated GUIDs only implemented for interfaces!
 -> (artifact id: 'de31ff9192d894c519ffc14d678bacda') in 0.023821 seconds 
========================================================================
Received Import Request.
  Time since last request: 0.000042 seconds.
  path: Assets/TileSets/dirt stones leafs.asset
  artifactKey: Guid(97cad3f1c82d97f48ac8da30685adcbc) Importer(2089858483,934ff659095e30574adcf32a4c2f97b5)
Start importing Assets/TileSets/dirt stones leafs.asset using Guid(97cad3f1c82d97f48ac8da30685adcbc) Importer(2089858483,934ff659095e30574adcf32a4c2f97b5) Generated GUIDs only implemented for interfaces!
 -> (artifact id: 'b1ab7c2e3a769673cdc27c0aba5812fe') in 0.009764 seconds 
========================================================================
Received Import Request.
  Time since last request: 0.000032 seconds.
  path: Assets/Textures/granit grass.tga
  artifactKey: Guid(371d4e337fe17074db2479c5930c0dbf) Importer(2089858483,934ff659095e30574adcf32a4c2f97b5)
Start importing Assets/Textures/granit grass.tga using Guid(371d4e337fe17074db2479c5930c0dbf) Importer(2089858483,934ff659095e30574adcf32a4c2f97b5) Generated GUIDs only implemented for interfaces!
 -> (artifact id: 'fd7006bef78eef592d85f1d99195e9b7') in 0.015602 seconds 
========================================================================
Received Import Request.
  Time since last request: 0.000034 seconds.
  path: Assets/Low Poly Christmas Pack Free/FBX/020 Tea_Cup.fbx
  artifactKey: Guid(63e97d79bb5a74ae19da115f0666b60a) Importer(2089858483,934ff659095e30574adcf32a4c2f97b5)
Start importing Assets/Low Poly Christmas Pack Free/FBX/020 Tea_Cup.fbx using Guid(63e97d79bb5a74ae19da115f0666b60a) Importer(2089858483,934ff659095e30574adcf32a4c2f97b5) Generated GUIDs only implemented for interfaces!
 -> (artifact id: '7adc712561c687d5b1070ae65e224f54') in 0.016429 seconds 
========================================================================
Received Import Request.
  Time since last request: 0.000022 seconds.
  path: Assets/Low Poly Christmas Pack Free/FBX/071 Buggy.fbx
  artifactKey: Guid(f01f02f99a64d42feaad7b66f6dcc142) Importer(2089858483,934ff659095e30574adcf32a4c2f97b5)
Start importing Assets/Low Poly Christmas Pack Free/FBX/071 Buggy.fbx using Guid(f01f02f99a64d42feaad7b66f6dcc142) Importer(2089858483,934ff659095e30574adcf32a4c2f97b5) Generated GUIDs only implemented for interfaces!
 -> (artifact id: '300351f4cfc985a82b9520a60e80485d') in 0.045840 seconds 
========================================================================
Received Import Request.
  Time since last request: 0.000024 seconds.
  path: Assets/Scripts/Vars.cs
  artifactKey: Guid(7dff4b454ac136a4ea90062fed3aaeea) Importer(2089858483,934ff659095e30574adcf32a4c2f97b5)
Start importing Assets/Scripts/Vars.cs using Guid(7dff4b454ac136a4ea90062fed3aaeea) Importer(2089858483,934ff659095e30574adcf32a4c2f97b5) Generated GUIDs only implemented for interfaces!
 -> (artifact id: '92d17c0ecb6ddcb244b14ba2585f68b2') in 0.021621 seconds 
========================================================================
Received Import Request.
  Time since last request: 0.000032 seconds.
  path: Assets/Low Poly Christmas Pack Free/Prefabs/010 Christmas_Socks.prefab
  artifactKey: Guid(53c0ce28a159e4286970679fabfb01ac) Importer(2089858483,934ff659095e30574adcf32a4c2f97b5)
Start importing Assets/Low Poly Christmas Pack Free/Prefabs/010 Christmas_Socks.prefab using Guid(53c0ce28a159e4286970679fabfb01ac) Importer(2089858483,934ff659095e30574adcf32a4c2f97b5) Generated GUIDs only implemented for interfaces!
 -> (artifact id: 'aa608a8eb2689633e7acc8017fbacada') in 0.016762 seconds 
========================================================================
Received Import Request.
  Time since last request: 0.000049 seconds.
  path: Assets/Low Poly Christmas Pack Free/Prefabs/008 Reindeer.prefab
  artifactKey: Guid(731281c0d89ee4b0983c0682f1793e49) Importer(2089858483,934ff659095e30574adcf32a4c2f97b5)
Start importing Assets/Low Poly Christmas Pack Free/Prefabs/008 Reindeer.prefab using Guid(731281c0d89ee4b0983c0682f1793e49) Importer(2089858483,934ff659095e30574adcf32a4c2f97b5) Generated GUIDs only implemented for interfaces!
 -> (artifact id: 'e74d9fd2ba48bff62f2317ff620e4ae4') in 0.015918 seconds 
========================================================================
Received Import Request.
  Time since last request: 0.000035 seconds.
  path: Assets/Low Poly Christmas Pack Free/Prefabs/015 Garland.prefab
  artifactKey: Guid(de3e50c99048d4795a83598614f02b26) Importer(2089858483,934ff659095e30574adcf32a4c2f97b5)
Start importing Assets/Low Poly Christmas Pack Free/Prefabs/015 Garland.prefab using Guid(de3e50c99048d4795a83598614f02b26) Importer(2089858483,934ff659095e30574adcf32a4c2f97b5) Generated GUIDs only implemented for interfaces!
 -> (artifact id: '61346c1f308ff5bc5836d245d19ce52c') in 0.014006 seconds 
========================================================================
Received Import Request.
  Time since last request: 0.000034 seconds.
  path: Assets/Low Poly Christmas Pack Free/Prefabs/003 Candle.prefab
  artifactKey: Guid(fe5a9f01955954b19941590ea981ce95) Importer(2089858483,934ff659095e30574adcf32a4c2f97b5)
Start importing Assets/Low Poly Christmas Pack Free/Prefabs/003 Candle.prefab using Guid(fe5a9f01955954b19941590ea981ce95) Importer(2089858483,934ff659095e30574adcf32a4c2f97b5) Generated GUIDs only implemented for interfaces!
 -> (artifact id: 'adcb71214d31784dc729cce5856bf953') in 0.014357 seconds 
========================================================================
Received Import Request.
  Time since last request: 0.000038 seconds.
  path: Assets/Low Poly Christmas Pack Free/Prefabs/020 Tea_Cup.prefab
  artifactKey: Guid(9db046721aaa545949998e664f8e4c18) Importer(2089858483,934ff659095e30574adcf32a4c2f97b5)
Start importing Assets/Low Poly Christmas Pack Free/Prefabs/020 Tea_Cup.prefab using Guid(9db046721aaa545949998e664f8e4c18) Importer(2089858483,934ff659095e30574adcf32a4c2f97b5) Generated GUIDs only implemented for interfaces!
 -> (artifact id: 'eddec51c2311f4e0272d19090a77bd8b') in 0.010405 seconds 
========================================================================
Received Import Request.
  Time since last request: 0.000032 seconds.
  path: Assets/Low Poly Christmas Pack Free/Prefabs/002 Candle_Light.prefab
  artifactKey: Guid(9ecd798c870a84857b731d4f198c7d9d) Importer(2089858483,934ff659095e30574adcf32a4c2f97b5)
Start importing Assets/Low Poly Christmas Pack Free/Prefabs/002 Candle_Light.prefab using Guid(9ecd798c870a84857b731d4f198c7d9d) Importer(2089858483,934ff659095e30574adcf32a4c2f97b5) Generated GUIDs only implemented for interfaces!
 -> (artifact id: 'fd5f2c1bda998e18dccf3cffe1c51d2a') in 0.013415 seconds 
========================================================================
Received Import Request.
  Time since last request: 0.000043 seconds.
  path: Assets/Low Poly Christmas Pack Free/FBX/092 Broom.fbx
  artifactKey: Guid(e32e4686641954b6e88856289916d2b3) Importer(2089858483,934ff659095e30574adcf32a4c2f97b5)
Start importing Assets/Low Poly Christmas Pack Free/FBX/092 Broom.fbx using Guid(e32e4686641954b6e88856289916d2b3) Importer(2089858483,934ff659095e30574adcf32a4c2f97b5) Generated GUIDs only implemented for interfaces!
 -> (artifact id: 'e5029dd03ecbf0d686af2c673842c8a9') in 0.019098 seconds 
========================================================================
Received Import Request.
  Time since last request: 0.000030 seconds.
  path: Assets/Low Poly Christmas Pack Free/Prefabs/007 Santa_Claus_Hat.prefab
  artifactKey: Guid(cb795b4ed47be446095478dc17f323e1) Importer(2089858483,934ff659095e30574adcf32a4c2f97b5)
Start importing Assets/Low Poly Christmas Pack Free/Prefabs/007 Santa_Claus_Hat.prefab using Guid(cb795b4ed47be446095478dc17f323e1) Importer(2089858483,934ff659095e30574adcf32a4c2f97b5) Generated GUIDs only implemented for interfaces!
 -> (artifact id: '8a862922a23804ecd4d8c73bfdbc4b68') in 0.012661 seconds 
========================================================================
Received Import Request.
  Time since last request: 0.000026 seconds.
  path: Assets/Low Poly Christmas Pack Free/FBX/090 Owl.fbx
  artifactKey: Guid(38234c74b1d06423c9ccb45c965c7a83) Importer(2089858483,934ff659095e30574adcf32a4c2f97b5)
Start importing Assets/Low Poly Christmas Pack Free/FBX/090 Owl.fbx using Guid(38234c74b1d06423c9ccb45c965c7a83) Importer(2089858483,934ff659095e30574adcf32a4c2f97b5) Generated GUIDs only implemented for interfaces!
 -> (artifact id: '65ef75d94dffdd7b2bde605496179471') in 0.025184 seconds 
========================================================================
Received Import Request.
  Time since last request: 0.000023 seconds.
  path: Assets/Low Poly Christmas Pack Free/FBX/085 Duck.fbx
  artifactKey: Guid(a03fac245f81b44138334cdde17c5b5b) Importer(2089858483,934ff659095e30574adcf32a4c2f97b5)
Start importing Assets/Low Poly Christmas Pack Free/FBX/085 Duck.fbx using Guid(a03fac245f81b44138334cdde17c5b5b) Importer(2089858483,934ff659095e30574adcf32a4c2f97b5) Generated GUIDs only implemented for interfaces!
 -> (artifact id: '0a21fe0a1efa102343fb9a7c6b43d32c') in 0.029936 seconds 
========================================================================
Received Import Request.
  Time since last request: 0.000034 seconds.
  path: Assets/Low Poly Christmas Pack Free/Prefabs/011 Gift_Box.prefab
  artifactKey: Guid(052a289b1639e411badc15e1262f8875) Importer(2089858483,934ff659095e30574adcf32a4c2f97b5)
Start importing Assets/Low Poly Christmas Pack Free/Prefabs/011 Gift_Box.prefab using Guid(052a289b1639e411badc15e1262f8875) Importer(2089858483,934ff659095e30574adcf32a4c2f97b5) Generated GUIDs only implemented for interfaces!
 -> (artifact id: '8a95900298362b2aa727149576a7cd52') in 0.012723 seconds 
========================================================================
Received Import Request.
  Time since last request: 0.000023 seconds.
  path: Assets/Low Poly Christmas Pack Free/FBX/025 Shoes.fbx
  artifactKey: Guid(738fc581bced64b6f9128982f34828cc) Importer(2089858483,934ff659095e30574adcf32a4c2f97b5)
Start importing Assets/Low Poly Christmas Pack Free/FBX/025 Shoes.fbx using Guid(738fc581bced64b6f9128982f34828cc) Importer(2089858483,934ff659095e30574adcf32a4c2f97b5) Generated GUIDs only implemented for interfaces!
 -> (artifact id: 'a40c05ab252ca1c40170d5e240ab5a74') in 0.020774 seconds 
========================================================================
Received Import Request.
  Time since last request: 0.000024 seconds.
  path: Assets/Low Poly Christmas Pack Free/FBX/088 Penguin.fbx
  artifactKey: Guid(93fa5b8b9b1a64bd79ad80a93207239a) Importer(2089858483,934ff659095e30574adcf32a4c2f97b5)
Start importing Assets/Low Poly Christmas Pack Free/FBX/088 Penguin.fbx using Guid(93fa5b8b9b1a64bd79ad80a93207239a) Importer(2089858483,934ff659095e30574adcf32a4c2f97b5) Generated GUIDs only implemented for interfaces!
 -> (artifact id: '055a341a535230bda417d6b2352074c3') in 0.026154 seconds 
========================================================================
Received Import Request.
  Time since last request: 0.000033 seconds.
  path: Assets/Low Poly Christmas Pack Free/Prefabs/022 Chicken.prefab
  artifactKey: Guid(717a516e1d24f4aabbe7f388387fdd0b) Importer(2089858483,934ff659095e30574adcf32a4c2f97b5)
Start importing Assets/Low Poly Christmas Pack Free/Prefabs/022 Chicken.prefab using Guid(717a516e1d24f4aabbe7f388387fdd0b) Importer(2089858483,934ff659095e30574adcf32a4c2f97b5) Generated GUIDs only implemented for interfaces!
 -> (artifact id: 'ef026de02464d26714041175ddfdfeeb') in 0.015679 seconds 
========================================================================
Received Import Request.
  Time since last request: 0.000033 seconds.
  path: Assets/Low Poly Christmas Pack Free/FBX/073 Xmas_Tree.fbx
  artifactKey: Guid(89cde64dc485c44a8a0e197a46a224d1) Importer(2089858483,934ff659095e30574adcf32a4c2f97b5)
Start importing Assets/Low Poly Christmas Pack Free/FBX/073 Xmas_Tree.fbx using Guid(89cde64dc485c44a8a0e197a46a224d1) Importer(2089858483,934ff659095e30574adcf32a4c2f97b5) Generated GUIDs only implemented for interfaces!
 -> (artifact id: '88197f39b5ff68d0618a79e9cbbc3ee3') in 0.068565 seconds 
========================================================================
Received Import Request.
  Time since last request: 0.000034 seconds.
  path: Assets/Textures/leafs.tga
  artifactKey: Guid(770fe947d1f97e942855e014cf644307) Importer(2089858483,934ff659095e30574adcf32a4c2f97b5)
Start importing Assets/Textures/leafs.tga using Guid(770fe947d1f97e942855e014cf644307) Importer(2089858483,934ff659095e30574adcf32a4c2f97b5) Generated GUIDs only implemented for interfaces!
 -> (artifact id: '940cb61b43136cafc135224693ccdc61') in 0.018403 seconds 
========================================================================
Received Import Request.
  Time since last request: 0.000030 seconds.
  path: Assets/Textures/dirt stones leafs more.tga
  artifactKey: Guid(34168fb545d6ce04cb769914df686e0a) Importer(2089858483,934ff659095e30574adcf32a4c2f97b5)
Start importing Assets/Textures/dirt stones leafs more.tga using Guid(34168fb545d6ce04cb769914df686e0a) Importer(2089858483,934ff659095e30574adcf32a4c2f97b5) Generated GUIDs only implemented for interfaces!
 -> (artifact id: 'a0b794cba236060a166c2952818d95ef') in 0.022765 seconds 
========================================================================
Received Import Request.
  Time since last request: 0.000069 seconds.
  path: Assets/Low Poly Christmas Pack Free/Prefabs/012 009 Santa_gift_bag.prefab
  artifactKey: Guid(09c0d16b15be9476d8fa22a648e87713) Importer(2089858483,934ff659095e30574adcf32a4c2f97b5)
Start importing Assets/Low Poly Christmas Pack Free/Prefabs/012 009 Santa_gift_bag.prefab using Guid(09c0d16b15be9476d8fa22a648e87713) Importer(2089858483,934ff659095e30574adcf32a4c2f97b5) Generated GUIDs only implemented for interfaces!
 -> (artifact id: '6bc6e56e728843613cbe8a6c2229b761') in 0.011252 seconds 
========================================================================
Received Import Request.
  Time since last request: 0.000026 seconds.
  path: Assets/Low Poly Christmas Pack Free/Prefabs/017 Santa_claus.prefab
  artifactKey: Guid(9b4ecdcf9d3c94d10a3f3f3b8a1e4e44) Importer(2089858483,934ff659095e30574adcf32a4c2f97b5)
Start importing Assets/Low Poly Christmas Pack Free/Prefabs/017 Santa_claus.prefab using Guid(9b4ecdcf9d3c94d10a3f3f3b8a1e4e44) Importer(2089858483,934ff659095e30574adcf32a4c2f97b5) Generated GUIDs only implemented for interfaces!
 -> (artifact id: 'd86a5a065e0f3e96fcb6ada15efea820') in 0.015265 seconds 
========================================================================
Received Import Request.
  Time since last request: 0.000019 seconds.
  path: Assets/Low Poly Christmas Pack Free/FBX/015 Garland.fbx
  artifactKey: Guid(5b1b57193f6544575b41c39c29d3d0c5) Importer(2089858483,934ff659095e30574adcf32a4c2f97b5)
Start importing Assets/Low Poly Christmas Pack Free/FBX/015 Garland.fbx using Guid(5b1b57193f6544575b41c39c29d3d0c5) Importer(2089858483,934ff659095e30574adcf32a4c2f97b5) Generated GUIDs only implemented for interfaces!
 -> (artifact id: '267f28138d50863ff4ede5c985e28916') in 0.041159 seconds 
========================================================================
Received Import Request.
  Time since last request: 0.000023 seconds.
  path: Assets/Stones_and_buried_treasure/MainScense.unity
  artifactKey: Guid(dc35b59e37ef8fc47b03f6434640ec99) Importer(2089858483,934ff659095e30574adcf32a4c2f97b5)
Start importing Assets/Stones_and_buried_treasure/MainScense.unity using Guid(dc35b59e37ef8fc47b03f6434640ec99) Importer(2089858483,934ff659095e30574adcf32a4c2f97b5) Generated GUIDs only implemented for interfaces!
 -> (artifact id: 'ca59cba9166c65e9446fae94c27618e8') in 0.005527 seconds 
========================================================================
Received Import Request.
  Time since last request: 0.000044 seconds.
  path: Assets/Low Poly Christmas Pack Free/FBX/042 Candy.fbx
  artifactKey: Guid(bbb8d9c3f007a403f9f347481eaeb698) Importer(2089858483,934ff659095e30574adcf32a4c2f97b5)
Start importing Assets/Low Poly Christmas Pack Free/FBX/042 Candy.fbx using Guid(bbb8d9c3f007a403f9f347481eaeb698) Importer(2089858483,934ff659095e30574adcf32a4c2f97b5) Generated GUIDs only implemented for interfaces!
 -> (artifact id: '54758a7cd02e403e6b530358bcacf6b3') in 0.009479 seconds 
========================================================================
Received Import Request.
  Time since last request: 0.000023 seconds.
  path: Assets/Low Poly Christmas Pack Free/FBX/030 Xmas_Crackers.fbx
  artifactKey: Guid(093ef0d0d4c8f402dad5c5051425cbfc) Importer(2089858483,934ff659095e30574adcf32a4c2f97b5)
Start importing Assets/Low Poly Christmas Pack Free/FBX/030 Xmas_Crackers.fbx using Guid(093ef0d0d4c8f402dad5c5051425cbfc) Importer(2089858483,934ff659095e30574adcf32a4c2f97b5) Generated GUIDs only implemented for interfaces!
 -> (artifact id: '62d2b4a4e46e49f315823d26f245bfe4') in 0.011381 seconds 
========================================================================
Received Import Request.
  Time since last request: 0.000029 seconds.
  path: Assets/Materials/Ice blue.mat
  artifactKey: Guid(03c120be0b710fe4fac71ad0b3da801c) Importer(2089858483,934ff659095e30574adcf32a4c2f97b5)
Start importing Assets/Materials/Ice blue.mat using Guid(03c120be0b710fe4fac71ad0b3da801c) Importer(2089858483,934ff659095e30574adcf32a4c2f97b5) Generated GUIDs only implemented for interfaces!
 -> (artifact id: 'c4efb276c82e494648f5fb70ebb299ad') in 0.005560 seconds 
========================================================================
Received Import Request.
  Time since last request: 0.000019 seconds.
  path: Assets/Low Poly Christmas Pack Free/FBX/061 Santa_claus.fbx
  artifactKey: Guid(fd34dbe4841ef4278a00f6a18d9dfb15) Importer(2089858483,934ff659095e30574adcf32a4c2f97b5)
Start importing Assets/Low Poly Christmas Pack Free/FBX/061 Santa_claus.fbx using Guid(fd34dbe4841ef4278a00f6a18d9dfb15) Importer(2089858483,934ff659095e30574adcf32a4c2f97b5) Generated GUIDs only implemented for interfaces!
 -> (artifact id: '770a117afa28884daa2270b441c63f52') in 0.029018 seconds 
========================================================================
Received Import Request.
  Time since last request: 0.000017 seconds.
  path: Assets/TileSets/dirt stones eary yellow.asset
  artifactKey: Guid(40e98fee6be6a9e41be560e9fb3cdf9d) Importer(2089858483,934ff659095e30574adcf32a4c2f97b5)
Start importing Assets/TileSets/dirt stones eary yellow.asset using Guid(40e98fee6be6a9e41be560e9fb3cdf9d) Importer(2089858483,934ff659095e30574adcf32a4c2f97b5) Generated GUIDs only implemented for interfaces!
 -> (artifact id: '2bc7452e473267ad9d29fa3a661d2b0a') in 0.007038 seconds 
========================================================================
Received Import Request.
  Time since last request: 0.000018 seconds.
  path: Assets/Low Poly Christmas Pack Free/FBX/012 009 Santa_gift_bag.fbx
  artifactKey: Guid(b23a40c835c2341f58357c91c7cc4ff8) Importer(2089858483,934ff659095e30574adcf32a4c2f97b5)
Start importing Assets/Low Poly Christmas Pack Free/FBX/012 009 Santa_gift_bag.fbx using Guid(b23a40c835c2341f58357c91c7cc4ff8) Importer(2089858483,934ff659095e30574adcf32a4c2f97b5) Generated GUIDs only implemented for interfaces!
 -> (artifact id: 'd698695640f666f4e4514d3942d69921') in 0.011186 seconds 
========================================================================
Received Import Request.
  Time since last request: 0.000023 seconds.
  path: Assets/Low Poly Christmas Pack Free/FBX/075 Deer.fbx
  artifactKey: Guid(8ff3edd3a068843fbb8fb59d6380de91) Importer(2089858483,934ff659095e30574adcf32a4c2f97b5)
Start importing Assets/Low Poly Christmas Pack Free/FBX/075 Deer.fbx using Guid(8ff3edd3a068843fbb8fb59d6380de91) Importer(2089858483,934ff659095e30574adcf32a4c2f97b5) Generated GUIDs only implemented for interfaces!
 -> (artifact id: '46f892e2716b3cc58db4b3c7cf275db2') in 0.021987 seconds 
========================================================================
Received Import Request.
  Time since last request: 0.000026 seconds.
  path: Assets/Low Poly Christmas Pack Free/Prefabs/016 Xmas_Tree.prefab
  artifactKey: Guid(4df67fc3a41d5493480442e909160e0c) Importer(2089858483,934ff659095e30574adcf32a4c2f97b5)
Start importing Assets/Low Poly Christmas Pack Free/Prefabs/016 Xmas_Tree.prefab using Guid(4df67fc3a41d5493480442e909160e0c) Importer(2089858483,934ff659095e30574adcf32a4c2f97b5) Generated GUIDs only implemented for interfaces!
 -> (artifact id: 'd04ff71a88de8a83b9841d31ec3ca29d') in 0.007039 seconds 
========================================================================
Received Import Request.
  Time since last request: 0.000025 seconds.
  path: Assets/Low Poly Christmas Pack Free/FBX/078 House.fbx
  artifactKey: Guid(6fac37428c6a149098583080d757e0a2) Importer(2089858483,934ff659095e30574adcf32a4c2f97b5)
Start importing Assets/Low Poly Christmas Pack Free/FBX/078 House.fbx using Guid(6fac37428c6a149098583080d757e0a2) Importer(2089858483,934ff659095e30574adcf32a4c2f97b5) Generated GUIDs only implemented for interfaces!
 -> (artifact id: 'adfc238b554cba92042c6769bc0be452') in 0.011435 seconds 
========================================================================
Received Import Request.
  Time since last request: 0.000025 seconds.
  path: Assets/Low Poly Christmas Pack Free/FBX/007 Santa_Claus_Hat.fbx
  artifactKey: Guid(9a8a0504e95704f838d26787e97848f7) Importer(2089858483,934ff659095e30574adcf32a4c2f97b5)
Start importing Assets/Low Poly Christmas Pack Free/FBX/007 Santa_Claus_Hat.fbx using Guid(9a8a0504e95704f838d26787e97848f7) Importer(2089858483,934ff659095e30574adcf32a4c2f97b5) Generated GUIDs only implemented for interfaces!
 -> (artifact id: 'aabb10a81ba78a0ed0d569d9638833b9') in 0.012931 seconds 
========================================================================
Received Import Request.
  Time since last request: 0.000018 seconds.
  path: Assets/Low Poly Christmas Pack Free/FBX/009 Santa_gift_bag.fbx
  artifactKey: Guid(3e031175667bb4d20991d949e62ea836) Importer(2089858483,934ff659095e30574adcf32a4c2f97b5)
Start importing Assets/Low Poly Christmas Pack Free/FBX/009 Santa_gift_bag.fbx using Guid(3e031175667bb4d20991d949e62ea836) Importer(2089858483,934ff659095e30574adcf32a4c2f97b5) Generated GUIDs only implemented for interfaces!
 -> (artifact id: 'e2e229b20cc3fd2eb8430eeb4d5f49a2') in 0.009418 seconds 
========================================================================
Received Import Request.
  Time since last request: 0.000018 seconds.
  path: Assets/Low Poly Christmas Pack Free/FBX/068 Santa_claus.fbx
  artifactKey: Guid(5e40a3e8e988e4d4886e8f5aa56e4be7) Importer(2089858483,934ff659095e30574adcf32a4c2f97b5)
Start importing Assets/Low Poly Christmas Pack Free/FBX/068 Santa_claus.fbx using Guid(5e40a3e8e988e4d4886e8f5aa56e4be7) Importer(2089858483,934ff659095e30574adcf32a4c2f97b5) Generated GUIDs only implemented for interfaces!
 -> (artifact id: '08f3110d5d59b3b52013d47e25845514') in 0.027467 seconds 
========================================================================
Received Import Request.
  Time since last request: 0.000031 seconds.
  path: Assets/TileSets/dirt stones leafs more.asset
  artifactKey: Guid(e62c3b4fae975b745b07bba3e9385403) Importer(2089858483,934ff659095e30574adcf32a4c2f97b5)
Start importing Assets/TileSets/dirt stones leafs more.asset using Guid(e62c3b4fae975b745b07bba3e9385403) Importer(2089858483,934ff659095e30574adcf32a4c2f97b5) Generated GUIDs only implemented for interfaces!
 -> (artifact id: 'ee0807f1125d9de3c55aee1f99786388') in 0.005256 seconds 
========================================================================
Received Import Request.
  Time since last request: 0.000029 seconds.
  path: Assets/Low Poly Christmas Pack Free/FBX/026 Hand_gloves.fbx
  artifactKey: Guid(ccc9e696b9ec04dfd9e1acefc38adf5c) Importer(2089858483,934ff659095e30574adcf32a4c2f97b5)
Start importing Assets/Low Poly Christmas Pack Free/FBX/026 Hand_gloves.fbx using Guid(ccc9e696b9ec04dfd9e1acefc38adf5c) Importer(2089858483,934ff659095e30574adcf32a4c2f97b5) Generated GUIDs only implemented for interfaces!
 -> (artifact id: 'd5d8a8b9d2d210d3c0563b5647230edc') in 0.018654 seconds 
========================================================================
Received Import Request.
  Time since last request: 30.431889 seconds.
  path: Assets/Low Poly Christmas Pack Free/Prefabs/026 Hand_gloves.prefab
  artifactKey: Guid(44ffb7c21a9904e898b948904d5547b5) Importer(2089858483,934ff659095e30574adcf32a4c2f97b5)
Start importing Assets/Low Poly Christmas Pack Free/Prefabs/026 Hand_gloves.prefab using Guid(44ffb7c21a9904e898b948904d5547b5) Importer(2089858483,934ff659095e30574adcf32a4c2f97b5) Generated GUIDs only implemented for interfaces!
 -> (artifact id: '01f94d8b653e2607ab6afc28911b49b5') in 0.014395 seconds 
========================================================================
Received Import Request.
  Time since last request: 0.000035 seconds.
  path: Assets/Scenes/World/TilePhysic.physicMaterial
  artifactKey: Guid(898afa0944ff3a64bb2fbf28a0321676) Importer(2089858483,934ff659095e30574adcf32a4c2f97b5)
Start importing Assets/Scenes/World/TilePhysic.physicMaterial using Guid(898afa0944ff3a64bb2fbf28a0321676) Importer(2089858483,934ff659095e30574adcf32a4c2f97b5) Generated GUIDs only implemented for interfaces!
 -> (artifact id: 'c1e9456cc0f5d6270fb8ee727bd77097') in 0.017044 seconds 
========================================================================
Received Import Request.
  Time since last request: 0.000211 seconds.
  path: Assets/Low Poly Christmas Pack Free/Prefabs/094 Candle_Stand.prefab
  artifactKey: Guid(7e8517d15125949fd834afdb99474361) Importer(2089858483,934ff659095e30574adcf32a4c2f97b5)
Start importing Assets/Low Poly Christmas Pack Free/Prefabs/094 Candle_Stand.prefab using Guid(7e8517d15125949fd834afdb99474361) Importer(2089858483,934ff659095e30574adcf32a4c2f97b5) Generated GUIDs only implemented for interfaces!
 -> (artifact id: 'c1bdba47dd4a18cb075f35d9dd8ba031') in 0.009836 seconds 
========================================================================
Received Import Request.
  Time since last request: 0.000044 seconds.
  path: Assets/Low Poly Christmas Pack Free/Prefabs/033 Xmas_candy_bag.prefab
  artifactKey: Guid(fca0d558af51a47d985c070319a3f476) Importer(2089858483,934ff659095e30574adcf32a4c2f97b5)
Start importing Assets/Low Poly Christmas Pack Free/Prefabs/033 Xmas_candy_bag.prefab using Guid(fca0d558af51a47d985c070319a3f476) Importer(2089858483,934ff659095e30574adcf32a4c2f97b5) Generated GUIDs only implemented for interfaces!
 -> (artifact id: '618c79cd0d3f0fba7df5da11f92b5f73') in 0.013458 seconds 
========================================================================
Received Import Request.
  Time since last request: 0.000027 seconds.
  path: Assets/Low Poly Christmas Pack Free/Prefabs/034 Snow_man.prefab
  artifactKey: Guid(d77134faad0374731919e090ca04c7ca) Importer(2089858483,934ff659095e30574adcf32a4c2f97b5)
Start importing Assets/Low Poly Christmas Pack Free/Prefabs/034 Snow_man.prefab using Guid(d77134faad0374731919e090ca04c7ca) Importer(2089858483,934ff659095e30574adcf32a4c2f97b5) Generated GUIDs only implemented for interfaces!
 -> (artifact id: '77ad926d9139f79b4cc87aee11951e26') in 0.012904 seconds 
========================================================================
Received Import Request.
  Time since last request: 0.000030 seconds.
  path: Assets/Low Poly Christmas Pack Free/Prefabs/076 Xmas_Boy.prefab
  artifactKey: Guid(15ee8dca5c206414182e67c9a3ad9daa) Importer(2089858483,934ff659095e30574adcf32a4c2f97b5)
Start importing Assets/Low Poly Christmas Pack Free/Prefabs/076 Xmas_Boy.prefab using Guid(15ee8dca5c206414182e67c9a3ad9daa) Importer(2089858483,934ff659095e30574adcf32a4c2f97b5) Generated GUIDs only implemented for interfaces!
 -> (artifact id: '4d487d761a79ec1df3fb3986722f876f') in 0.048370 seconds 
========================================================================
Received Import Request.
  Time since last request: 0.000043 seconds.
  path: Assets/Low Poly Christmas Pack Free/Prefabs/096 Plants.prefab
  artifactKey: Guid(eb3a1b362847b487391123f76dd57ed6) Importer(2089858483,934ff659095e30574adcf32a4c2f97b5)
Start importing Assets/Low Poly Christmas Pack Free/Prefabs/096 Plants.prefab using Guid(eb3a1b362847b487391123f76dd57ed6) Importer(2089858483,934ff659095e30574adcf32a4c2f97b5) Generated GUIDs only implemented for interfaces!
 -> (artifact id: '258f1e6432c539a95094ea136dfc0b97') in 0.020625 seconds 
========================================================================
Received Import Request.
  Time since last request: 0.000051 seconds.
  path: Assets/Scenes/World/UICanvas.cs
  artifactKey: Guid(0b4c976c5d964454b9ff4ece7a6cc6cf) Importer(2089858483,934ff659095e30574adcf32a4c2f97b5)
Start importing Assets/Scenes/World/UICanvas.cs using Guid(0b4c976c5d964454b9ff4ece7a6cc6cf) Importer(2089858483,934ff659095e30574adcf32a4c2f97b5) Generated GUIDs only implemented for interfaces!
 -> (artifact id: '72a011dd2e5db3d0bfa6806db482f7c0') in 0.021065 seconds 
========================================================================
Received Import Request.
  Time since last request: 0.000053 seconds.
  path: Assets/Low Poly Christmas Pack Free/Prefabs/097 Candle.prefab
  artifactKey: Guid(28682c0deb820483a8968646af127487) Importer(2089858483,934ff659095e30574adcf32a4c2f97b5)
Start importing Assets/Low Poly Christmas Pack Free/Prefabs/097 Candle.prefab using Guid(28682c0deb820483a8968646af127487) Importer(2089858483,934ff659095e30574adcf32a4c2f97b5) Generated GUIDs only implemented for interfaces!
 -> (artifact id: 'f706450d18f5de9d27b96b13248c3b87') in 0.020875 seconds 
========================================================================
Received Import Request.
  Time since last request: 0.000331 seconds.
  path: Assets/Low Poly Christmas Pack Free/Prefabs/067 Santa_claus.prefab
  artifactKey: Guid(a291e46272f53475ebc1e8957114f661) Importer(2089858483,934ff659095e30574adcf32a4c2f97b5)
Start importing Assets/Low Poly Christmas Pack Free/Prefabs/067 Santa_claus.prefab using Guid(a291e46272f53475ebc1e8957114f661) Importer(2089858483,934ff659095e30574adcf32a4c2f97b5) Generated GUIDs only implemented for interfaces!
 -> (artifact id: '98cd2d095fa74a61512586672ded1df6') in 0.027761 seconds 
========================================================================
Received Import Request.
  Time since last request: 0.000108 seconds.
  path: Assets/Low Poly Christmas Pack Free/Prefabs/078 House.prefab
  artifactKey: Guid(d89a9984a4fbe4a15b0aeca3cc8b4104) Importer(2089858483,934ff659095e30574adcf32a4c2f97b5)
Start importing Assets/Low Poly Christmas Pack Free/Prefabs/078 House.prefab using Guid(d89a9984a4fbe4a15b0aeca3cc8b4104) Importer(2089858483,934ff659095e30574adcf32a4c2f97b5) Generated GUIDs only implemented for interfaces!
 -> (artifact id: '471ccd354a3ade7a4fc520fd66994f32') in 0.024174 seconds 
========================================================================
Received Import Request.
  Time since last request: 0.000083 seconds.
  path: Assets/Low Poly Christmas Pack Free/Prefabs/093 Bucket.prefab
  artifactKey: Guid(0fc0a9d561430417ba89dd4dfbf96fc5) Importer(2089858483,934ff659095e30574adcf32a4c2f97b5)
Start importing Assets/Low Poly Christmas Pack Free/Prefabs/093 Bucket.prefab using Guid(0fc0a9d561430417ba89dd4dfbf96fc5) Importer(2089858483,934ff659095e30574adcf32a4c2f97b5) Generated GUIDs only implemented for interfaces!
 -> (artifact id: 'e41fb5b5ab694ed8120841eb1279233a') in 0.017714 seconds 
========================================================================
Received Import Request.
  Time since last request: 0.000060 seconds.
  path: Assets/Low Poly Christmas Pack Free/Prefabs/029 Garland.prefab
  artifactKey: Guid(810ee4f5dd06040258ddd52e0349f906) Importer(2089858483,934ff659095e30574adcf32a4c2f97b5)
Start importing Assets/Low Poly Christmas Pack Free/Prefabs/029 Garland.prefab using Guid(810ee4f5dd06040258ddd52e0349f906) Importer(2089858483,934ff659095e30574adcf32a4c2f97b5) Generated GUIDs only implemented for interfaces!
 -> (artifact id: '3eff8df6d4e3d3c2aaa2488206855d1f') in 0.015721 seconds 
========================================================================
Received Import Request.
  Time since last request: 0.000315 seconds.
  path: Assets/Low Poly Christmas Pack Free/Prefabs/051 Xmas_Tree.prefab
  artifactKey: Guid(0498c3d18db5e48bd8c4084b283dd038) Importer(2089858483,934ff659095e30574adcf32a4c2f97b5)
Start importing Assets/Low Poly Christmas Pack Free/Prefabs/051 Xmas_Tree.prefab using Guid(0498c3d18db5e48bd8c4084b283dd038) Importer(2089858483,934ff659095e30574adcf32a4c2f97b5) Generated GUIDs only implemented for interfaces!
 -> (artifact id: 'ff0d71d98920a351a63dbb8af7cbc4ce') in 0.021501 seconds 
========================================================================
Received Import Request.
  Time since last request: 0.000029 seconds.
  path: Assets/Low Poly Christmas Pack Free/Prefabs/057 Star.prefab
  artifactKey: Guid(cac50e13595b645179126ac1462506b7) Importer(2089858483,934ff659095e30574adcf32a4c2f97b5)
Start importing Assets/Low Poly Christmas Pack Free/Prefabs/057 Star.prefab using Guid(cac50e13595b645179126ac1462506b7) Importer(2089858483,934ff659095e30574adcf32a4c2f97b5) Generated GUIDs only implemented for interfaces!
 -> (artifact id: 'd4f4edaae6e7b1d68ff0acb4ac3c2649') in 0.014736 seconds 
========================================================================
Received Import Request.
  Time since last request: 0.000067 seconds.
  path: Assets/Low Poly Christmas Pack Free/Prefabs/072 Buggy.prefab
  artifactKey: Guid(3d1f849d3c91b4d17ad1405312233331) Importer(2089858483,934ff659095e30574adcf32a4c2f97b5)
Start importing Assets/Low Poly Christmas Pack Free/Prefabs/072 Buggy.prefab using Guid(3d1f849d3c91b4d17ad1405312233331) Importer(2089858483,934ff659095e30574adcf32a4c2f97b5) Generated GUIDs only implemented for interfaces!
 -> (artifact id: 'd2ca5e949161d7249c4e98931ed72f94') in 0.014517 seconds 
========================================================================
Received Import Request.
  Time since last request: 0.000053 seconds.
  path: Assets/Stones_and_buried_treasure/Prefabs/Stone_8.prefab
  artifactKey: Guid(06feddaacfebcc845a71837d24b4ed20) Importer(2089858483,934ff659095e30574adcf32a4c2f97b5)
Start importing Assets/Stones_and_buried_treasure/Prefabs/Stone_8.prefab using Guid(06feddaacfebcc845a71837d24b4ed20) Importer(2089858483,934ff659095e30574adcf32a4c2f97b5) Generated GUIDs only implemented for interfaces!
 -> (artifact id: '7bbd38e8b8dd05fc441fe916c38b5b96') in 0.011023 seconds 
========================================================================
Received Import Request.
  Time since last request: 0.000050 seconds.
  path: Assets/TextMesh Pro/Shaders/TMPro_Properties.cginc
  artifactKey: Guid(3997e2241185407d80309a82f9148466) Importer(2089858483,934ff659095e30574adcf32a4c2f97b5)
Start importing Assets/TextMesh Pro/Shaders/TMPro_Properties.cginc using Guid(3997e2241185407d80309a82f9148466) Importer(2089858483,934ff659095e30574adcf32a4c2f97b5) Generated GUIDs only implemented for interfaces!
 -> (artifact id: '6c05f3f9b65d482341a6d6b907e48110') in 0.023117 seconds 
========================================================================
Received Import Request.
  Time since last request: 0.000105 seconds.
  path: Assets/Stones_and_buried_treasure/Prefabs/Stone_6.prefab
  artifactKey: Guid(dbaf68191bab69546985647875561946) Importer(2089858483,934ff659095e30574adcf32a4c2f97b5)
Start importing Assets/Stones_and_buried_treasure/Prefabs/Stone_6.prefab using Guid(dbaf68191bab69546985647875561946) Importer(2089858483,934ff659095e30574adcf32a4c2f97b5) Generated GUIDs only implemented for interfaces!
 -> (artifact id: 'bb08df88dd9df1fa65f5aca4e8f24a60') in 0.017406 seconds 
========================================================================
Received Import Request.
  Time since last request: 0.000032 seconds.
  path: Assets/TextMesh Pro/Shaders/TMP_SDF.shader
  artifactKey: Guid(68e6db2ebdc24f95958faec2be5558d6) Importer(2089858483,934ff659095e30574adcf32a4c2f97b5)
Start importing Assets/TextMesh Pro/Shaders/TMP_SDF.shader using Guid(68e6db2ebdc24f95958faec2be5558d6) Importer(2089858483,934ff659095e30574adcf32a4c2f97b5) Generated GUIDs only implemented for interfaces!
 -> (artifact id: '863f2b5921b911668a19a21e38d36d08') in 0.023429 seconds 
========================================================================
Received Import Request.
  Time since last request: 0.000068 seconds.
  path: Assets/Stones_and_buried_treasure/Prefabs/Stone_4.prefab
  artifactKey: Guid(a9be5f8d69d77f346a425712248b814c) Importer(2089858483,934ff659095e30574adcf32a4c2f97b5)
Start importing Assets/Stones_and_buried_treasure/Prefabs/Stone_4.prefab using Guid(a9be5f8d69d77f346a425712248b814c) Importer(2089858483,934ff659095e30574adcf32a4c2f97b5) Generated GUIDs only implemented for interfaces!
 -> (artifact id: '202859e79fe1b52265b8b97264f1bebb') in 0.012616 seconds 
========================================================================
Received Import Request.
  Time since last request: 0.000052 seconds.
  path: Assets/Low Poly Christmas Pack Free/Prefabs/058 Star.prefab
  artifactKey: Guid(161523e1e082d4d11ac2fc0bf3cf1fb4) Importer(2089858483,934ff659095e30574adcf32a4c2f97b5)
Start importing Assets/Low Poly Christmas Pack Free/Prefabs/058 Star.prefab using Guid(161523e1e082d4d11ac2fc0bf3cf1fb4) Importer(2089858483,934ff659095e30574adcf32a4c2f97b5) Generated GUIDs only implemented for interfaces!
 -> (artifact id: '6f01adfd11660e4957868029358ff82a') in 0.015797 seconds 
========================================================================
Received Import Request.
  Time since last request: 0.000052 seconds.
  path: Assets/Stones_and_buried_treasure/Prefabs/Stone_2.prefab
  artifactKey: Guid(6e1def531c4baaf4387bc4283f7ef134) Importer(2089858483,934ff659095e30574adcf32a4c2f97b5)
Start importing Assets/Stones_and_buried_treasure/Prefabs/Stone_2.prefab using Guid(6e1def531c4baaf4387bc4283f7ef134) Importer(2089858483,934ff659095e30574adcf32a4c2f97b5) Generated GUIDs only implemented for interfaces!
 -> (artifact id: 'ea8e4abf05840387cdb7995bbe016a21') in 0.014001 seconds 
========================================================================
Received Import Request.
  Time since last request: 0.000152 seconds.
  path: Assets/Low Poly Christmas Pack Free/Prefabs/069 Rabbir.prefab
  artifactKey: Guid(8b8e2c8ce98474fc0a3018fc68cc722d) Importer(2089858483,934ff659095e30574adcf32a4c2f97b5)
Start importing Assets/Low Poly Christmas Pack Free/Prefabs/069 Rabbir.prefab using Guid(8b8e2c8ce98474fc0a3018fc68cc722d) Importer(2089858483,934ff659095e30574adcf32a4c2f97b5) Generated GUIDs only implemented for interfaces!
 -> (artifact id: '1fed8b78d63f8dccd42dec038ad35c7a') in 0.012320 seconds 
========================================================================
Received Import Request.
  Time since last request: 0.000025 seconds.
  path: Assets/Low Poly Christmas Pack Free/Prefabs/030 Xmas_Crackers.prefab
  artifactKey: Guid(794822c99789c45f0ade9216ad07be9a) Importer(2089858483,934ff659095e30574adcf32a4c2f97b5)
Start importing Assets/Low Poly Christmas Pack Free/Prefabs/030 Xmas_Crackers.prefab using Guid(794822c99789c45f0ade9216ad07be9a) Importer(2089858483,934ff659095e30574adcf32a4c2f97b5) Generated GUIDs only implemented for interfaces!
 -> (artifact id: '7c2648cf763ac0188927e0ced58a5f8e') in 0.014027 seconds 
========================================================================
Received Import Request.
  Time since last request: 0.000029 seconds.
  path: Assets/TextMesh Pro/Sprites/EmojiOne.png
  artifactKey: Guid(dffef66376be4fa480fb02b19edbe903) Importer(2089858483,934ff659095e30574adcf32a4c2f97b5)
Start importing Assets/TextMesh Pro/Sprites/EmojiOne.png using Guid(dffef66376be4fa480fb02b19edbe903) Importer(2089858483,934ff659095e30574adcf32a4c2f97b5) Generated GUIDs only implemented for interfaces!
 -> (artifact id: '4bc331ab4a318aaf5392b176c114113f') in 0.063035 seconds 
========================================================================
Received Import Request.
  Time since last request: 0.000078 seconds.
  path: Assets/Stones_and_buried_treasure/Prefabs/Stone_3.prefab
  artifactKey: Guid(fca867e93da64f84c8cc00bde5b816f0) Importer(2089858483,934ff659095e30574adcf32a4c2f97b5)
Start importing Assets/Stones_and_buried_treasure/Prefabs/Stone_3.prefab using Guid(fca867e93da64f84c8cc00bde5b816f0) Importer(2089858483,934ff659095e30574adcf32a4c2f97b5) Generated GUIDs only implemented for interfaces!
 -> (artifact id: '584f42a7cd1a56e4e7f285141aea6bb9') in 0.012486 seconds 
========================================================================
Received Import Request.
  Time since last request: 0.000059 seconds.
  path: Assets/Stones_and_buried_treasure/Prefabs/Stone_13.prefab
  artifactKey: Guid(36d90c33e9b776448a1f2dfc975ffda5) Importer(2089858483,934ff659095e30574adcf32a4c2f97b5)
Start importing Assets/Stones_and_buried_treasure/Prefabs/Stone_13.prefab using Guid(36d90c33e9b776448a1f2dfc975ffda5) Importer(2089858483,934ff659095e30574adcf32a4c2f97b5) Generated GUIDs only implemented for interfaces!
 -> (artifact id: 'd7ffd1ac5fffe34159e3cdfa465aaf25') in 0.013383 seconds 
========================================================================
Received Import Request.
  Time since last request: 0.000056 seconds.
  path: Assets/SerializableDictionary/Editor/UserSerializableDictionaryPropertyDrawers.cs
  artifactKey: Guid(3089b6c771301cc44ba23b7f8f469e14) Importer(2089858483,934ff659095e30574adcf32a4c2f97b5)
Start importing Assets/SerializableDictionary/Editor/UserSerializableDictionaryPropertyDrawers.cs using Guid(3089b6c771301cc44ba23b7f8f469e14) Importer(2089858483,934ff659095e30574adcf32a4c2f97b5) Generated GUIDs only implemented for interfaces!
 -> (artifact id: '9a52a7a186e37f2a212f9ab412b6e34c') in 0.012249 seconds 
========================================================================
Received Import Request.
  Time since last request: 0.000033 seconds.
  path: Assets/Low Poly Christmas Pack Free/Prefabs/084 Hen.prefab
  artifactKey: Guid(01612f0f2b86b488cb860cef7526c30b) Importer(2089858483,934ff659095e30574adcf32a4c2f97b5)
Start importing Assets/Low Poly Christmas Pack Free/Prefabs/084 Hen.prefab using Guid(01612f0f2b86b488cb860cef7526c30b) Importer(2089858483,934ff659095e30574adcf32a4c2f97b5) Generated GUIDs only implemented for interfaces!
 -> (artifact id: 'c1eca4b8bfc1f854979e560b516f3489') in 0.013805 seconds 
========================================================================
Received Import Request.
  Time since last request: 0.000087 seconds.
  path: Assets/Low Poly Christmas Pack Free/Prefabs/043 Sign Board.prefab
  artifactKey: Guid(56b19fa3f2706495689ece2280c93af4) Importer(2089858483,934ff659095e30574adcf32a4c2f97b5)
Start importing Assets/Low Poly Christmas Pack Free/Prefabs/043 Sign Board.prefab using Guid(56b19fa3f2706495689ece2280c93af4) Importer(2089858483,934ff659095e30574adcf32a4c2f97b5) Generated GUIDs only implemented for interfaces!
 -> (artifact id: 'a81e5b30534aada380ca2ec43881a2c2') in 0.015775 seconds 
========================================================================
Received Import Request.
  Time since last request: 0.000023 seconds.
  path: Assets/TextMesh Pro/Shaders/TMP_SDF-Mobile SSD.shader
  artifactKey: Guid(c8d12adcee749c344b8117cf7c7eb912) Importer(2089858483,934ff659095e30574adcf32a4c2f97b5)
Start importing Assets/TextMesh Pro/Shaders/TMP_SDF-Mobile SSD.shader using Guid(c8d12adcee749c344b8117cf7c7eb912) Importer(2089858483,934ff659095e30574adcf32a4c2f97b5) Generated GUIDs only implemented for interfaces!
 -> (artifact id: 'b850a3d72b9c8bbd7159f15f36c9244a') in 0.011539 seconds 
========================================================================
Received Import Request.
  Time since last request: 0.000028 seconds.
  path: Assets/Low Poly Christmas Pack Free/Prefabs/039 Christmas_Socks.prefab
  artifactKey: Guid(10a10a1fa49c0424bbadef708e2884ac) Importer(2089858483,934ff659095e30574adcf32a4c2f97b5)
Start importing Assets/Low Poly Christmas Pack Free/Prefabs/039 Christmas_Socks.prefab using Guid(10a10a1fa49c0424bbadef708e2884ac) Importer(2089858483,934ff659095e30574adcf32a4c2f97b5) Generated GUIDs only implemented for interfaces!
 -> (artifact id: '20d0836f8b552d474a382e4f768e9cf4') in 0.013316 seconds 
========================================================================
Received Import Request.
  Time since last request: 0.000022 seconds.
  path: Assets/Low Poly Christmas Pack Free/Prefabs/061 Santa_claus.prefab
  artifactKey: Guid(5da4d64931dc8480b9f639e938f5c9a3) Importer(2089858483,934ff659095e30574adcf32a4c2f97b5)
Start importing Assets/Low Poly Christmas Pack Free/Prefabs/061 Santa_claus.prefab using Guid(5da4d64931dc8480b9f639e938f5c9a3) Importer(2089858483,934ff659095e30574adcf32a4c2f97b5) Generated GUIDs only implemented for interfaces!
 -> (artifact id: '2fbb4a45a833cf4f01a5c82a3eebd2af') in 0.013934 seconds 
========================================================================
Received Import Request.
  Time since last request: 0.000038 seconds.
  path: Assets/SerializableDictionary/Editor/SerializableDictionaryPropertyDrawer.cs
  artifactKey: Guid(91da51d02ab9ebc459d80d5965d40d19) Importer(2089858483,934ff659095e30574adcf32a4c2f97b5)
Start importing Assets/SerializableDictionary/Editor/SerializableDictionaryPropertyDrawer.cs using Guid(91da51d02ab9ebc459d80d5965d40d19) Importer(2089858483,934ff659095e30574adcf32a4c2f97b5) Generated GUIDs only implemented for interfaces!
 -> (artifact id: '5a6e52416f39e954e251535783c95d2e') in 0.012758 seconds 
========================================================================
Received Import Request.
  Time since last request: 0.000041 seconds.
  path: Assets/Stones_and_buried_treasure/Materials/Stone.mat
  artifactKey: Guid(5488c218fc681b748a54e10cdf1b2f8c) Importer(2089858483,934ff659095e30574adcf32a4c2f97b5)
Start importing Assets/Stones_and_buried_treasure/Materials/Stone.mat using Guid(5488c218fc681b748a54e10cdf1b2f8c) Importer(2089858483,934ff659095e30574adcf32a4c2f97b5) Generated GUIDs only implemented for interfaces!
 -> (artifact id: '6f410d6746e4b6103c2ccbc35ba0f19a') in 0.013561 seconds 
========================================================================
Received Import Request.
  Time since last request: 0.000040 seconds.
  path: Assets/Low Poly Christmas Pack Free/Prefabs/085 Duck.prefab
  artifactKey: Guid(9148e27f4aa7a4eb8aa70f2971c65db5) Importer(2089858483,934ff659095e30574adcf32a4c2f97b5)
Start importing Assets/Low Poly Christmas Pack Free/Prefabs/085 Duck.prefab using Guid(9148e27f4aa7a4eb8aa70f2971c65db5) Importer(2089858483,934ff659095e30574adcf32a4c2f97b5) Generated GUIDs only implemented for interfaces!
 -> (artifact id: '0e76bcfa16ac313922c3943d44b88fc0') in 0.013040 seconds 
========================================================================
Received Import Request.
  Time since last request: 0.000069 seconds.
  path: Assets/Stones_and_buried_treasure/Prefabs/Barrel_Open.prefab
  artifactKey: Guid(2d561752e6200834db6fb19d8d3220b2) Importer(2089858483,934ff659095e30574adcf32a4c2f97b5)
Start importing Assets/Stones_and_buried_treasure/Prefabs/Barrel_Open.prefab using Guid(2d561752e6200834db6fb19d8d3220b2) Importer(2089858483,934ff659095e30574adcf32a4c2f97b5) Generated GUIDs only implemented for interfaces!
 -> (artifact id: '4cc3d16e9d3b2a636560cfd8f9b51823') in 0.015584 seconds 
========================================================================
Received Import Request.
  Time since last request: 0.000161 seconds.
  path: Assets/TextMesh Pro/Resources/Fonts & Materials/LiberationSans SDF - Fallback.asset
  artifactKey: Guid(2e498d1c8094910479dc3e1b768306a4) Importer(2089858483,934ff659095e30574adcf32a4c2f97b5)
Start importing Assets/TextMesh Pro/Resources/Fonts & Materials/LiberationSans SDF - Fallback.asset using Guid(2e498d1c8094910479dc3e1b768306a4) Importer(2089858483,934ff659095e30574adcf32a4c2f97b5) Generated GUIDs only implemented for interfaces!
 -> (artifact id: '3616cd31503c27129c7d7c07a6046cd2') in 0.015336 seconds 
========================================================================
Received Import Request.
  Time since last request: 0.000047 seconds.
  path: Assets/TextMesh Pro/Fonts/LiberationSans.ttf
  artifactKey: Guid(e3265ab4bf004d28a9537516768c1c75) Importer(2089858483,934ff659095e30574adcf32a4c2f97b5)
Start importing Assets/TextMesh Pro/Fonts/LiberationSans.ttf using Guid(e3265ab4bf004d28a9537516768c1c75) Importer(2089858483,934ff659095e30574adcf32a4c2f97b5) Generated GUIDs only implemented for interfaces!
 -> (artifact id: '49ebf4e1cb843fdc0ce4fe17927f1094') in 0.071134 seconds 
========================================================================
Received Import Request.
  Time since last request: 0.000047 seconds.
  path: Assets/Stones_and_buried_treasure/Prefabs/Stone_5.prefab
  artifactKey: Guid(e06ba814345b0ec43aaaf6a5dac7e762) Importer(2089858483,934ff659095e30574adcf32a4c2f97b5)
Start importing Assets/Stones_and_buried_treasure/Prefabs/Stone_5.prefab using Guid(e06ba814345b0ec43aaaf6a5dac7e762) Importer(2089858483,934ff659095e30574adcf32a4c2f97b5) Generated GUIDs only implemented for interfaces!
 -> (artifact id: 'a6876b97504dab0266252afcab3ba502') in 0.017542 seconds 
========================================================================
Received Import Request.
  Time since last request: 0.000040 seconds.
  path: Assets/Stones_and_buried_treasure/Prefabs/Stone_18.prefab
  artifactKey: Guid(0308f8ff86e69154a8064da3ef456125) Importer(2089858483,934ff659095e30574adcf32a4c2f97b5)
Start importing Assets/Stones_and_buried_treasure/Prefabs/Stone_18.prefab using Guid(0308f8ff86e69154a8064da3ef456125) Importer(2089858483,934ff659095e30574adcf32a4c2f97b5) Generated GUIDs only implemented for interfaces!
 -> (artifact id: '283c2210bbe5ad694a21f2bd394fa9a9') in 0.039312 seconds 
========================================================================
Received Import Request.
  Time since last request: 0.000052 seconds.
  path: Assets/TextMesh Pro/Shaders/TMP_SDF-Mobile.shader
  artifactKey: Guid(fe393ace9b354375a9cb14cdbbc28be4) Importer(2089858483,934ff659095e30574adcf32a4c2f97b5)
Start importing Assets/TextMesh Pro/Shaders/TMP_SDF-Mobile.shader using Guid(fe393ace9b354375a9cb14cdbbc28be4) Importer(2089858483,934ff659095e30574adcf32a4c2f97b5) Generated GUIDs only implemented for interfaces!
 -> (artifact id: 'cd0283d44f1e1c69dca27fe57f0b71dd') in 0.023605 seconds 
========================================================================
Received Import Request.
  Time since last request: 0.000124 seconds.
  path: Assets/Low Poly Christmas Pack Free/Prefabs/095 Gold_Coin.prefab
  artifactKey: Guid(974bcfb0461e04dc0a28cb56849cd1d1) Importer(2089858483,934ff659095e30574adcf32a4c2f97b5)
Start importing Assets/Low Poly Christmas Pack Free/Prefabs/095 Gold_Coin.prefab using Guid(974bcfb0461e04dc0a28cb56849cd1d1) Importer(2089858483,934ff659095e30574adcf32a4c2f97b5) Generated GUIDs only implemented for interfaces!
 -> (artifact id: '44887db2294e035f9307a5f2e4009b15') in 0.052097 seconds 
========================================================================
Received Import Request.
  Time since last request: 0.000237 seconds.
  path: Assets/Low Poly Christmas Pack Free/Prefabs/063 Xmas_Girl.prefab
  artifactKey: Guid(f96fc0d0339e44488b43415632e3caeb) Importer(2089858483,934ff659095e30574adcf32a4c2f97b5)
Start importing Assets/Low Poly Christmas Pack Free/Prefabs/063 Xmas_Girl.prefab using Guid(f96fc0d0339e44488b43415632e3caeb) Importer(2089858483,934ff659095e30574adcf32a4c2f97b5) Generated GUIDs only implemented for interfaces!
 -> (artifact id: '9b223297899886c0ebbbc321c6ca1d32') in 0.034615 seconds 
========================================================================
Received Import Request.
  Time since last request: 0.000040 seconds.
  path: Assets/Low Poly Christmas Pack Free/Prefabs/100 Snow_Ball.prefab
  artifactKey: Guid(7a36f3e2edbbf46b69a143531ff128e8) Importer(2089858483,934ff659095e30574adcf32a4c2f97b5)
Start importing Assets/Low Poly Christmas Pack Free/Prefabs/100 Snow_Ball.prefab using Guid(7a36f3e2edbbf46b69a143531ff128e8) Importer(2089858483,934ff659095e30574adcf32a4c2f97b5) Generated GUIDs only implemented for interfaces!
 -> (artifact id: '8c2e5d304fbdf584b63d68fd49299091') in 0.013710 seconds 
========================================================================
Received Import Request.
  Time since last request: 0.000033 seconds.
  path: Assets/Stones_and_buried_treasure/Prefabs/Stone_11.prefab
  artifactKey: Guid(8b49696b2432a634e9f45dd8ad4aab80) Importer(2089858483,934ff659095e30574adcf32a4c2f97b5)
Start importing Assets/Stones_and_buried_treasure/Prefabs/Stone_11.prefab using Guid(8b49696b2432a634e9f45dd8ad4aab80) Importer(2089858483,934ff659095e30574adcf32a4c2f97b5) Generated GUIDs only implemented for interfaces!
 -> (artifact id: 'fef3cd68aad93c6fbaf39aa71d8b6a3b') in 0.012930 seconds 
========================================================================
Received Import Request.
  Time since last request: 0.000043 seconds.
  path: Assets/Scenes/World/WorldEvent.cs
  artifactKey: Guid(c4ee0f2249f37bb43a856dce6f877beb) Importer(2089858483,934ff659095e30574adcf32a4c2f97b5)
Start importing Assets/Scenes/World/WorldEvent.cs using Guid(c4ee0f2249f37bb43a856dce6f877beb) Importer(2089858483,934ff659095e30574adcf32a4c2f97b5) Generated GUIDs only implemented for interfaces!
 -> (artifact id: '86d89cecbbbc12eef90021d6fbe78393') in 0.006518 seconds 
========================================================================
Received Prepare
Refreshing native plugins compatible for Editor in 11.33 ms, found 3 plugins.
Preloading 0 native plugins for Editor in 0.00 ms.
Unloading 17 Unused Serialized files (Serialized files now loaded: 0)
Unloading 17 unused Assets / (21.9 KB). Loaded Objects now: 2839.
Memory consumption went from 65.4 MB to 65.4 MB.
Total: 4.414900 ms (FindLiveObjects: 0.402700 ms CreateObjectMapping: 0.378300 ms MarkObjects: 3.610800 ms  DeleteObjects: 0.021700 ms)

AssetImportParameters requested are different than current active one (requested -> active):
  graphicsApiMask: 2097156 -> 4
  custom:video-decoder-ogg-theora: a1e56fd34408186e4bbccfd4996cb3dc -> 
  custom:container-muxer-webm: aa71ff27fc2769a1b78a27578f13a17b -> 
  custom:container-demuxer-webm: 4f35f7cbe854078d1ac9338744f61a02 -> 
  custom:video-encoder-webm-vp8: eb34c28f22e8b96e1ab97ce403110664 -> 
  custom:video-codec-MediaFoundation-h265: 746d11721c4dcdbdad8f713fa42b33f4 -> 
  custom:audio-encoder-webm-vorbis: bf7c407c2cedff20999df2af8eb42d56 -> 
  custom:framework-win-MediaFoundation: 216162199b28c13a410421893ffa2e32 -> 
  custom:SearchIndexIgnoredProperties: e643bd26f0fe6173181afceb89e7c659 -> 
  custom:container-demuxer-ogg: 62fdf1f143b41e24485cea50d1cbac27 -> 
  custom:video-decoder-webm-vp8: 9c59270c3fd7afecdb556c50c9e8de78 -> 
  custom:audio-decoder-ogg-vorbis: bf7c407c2cedff20999df2af8eb42d56 -> 
========================================================================
Received Import Request.
  Time since last request: 8.586161 seconds.
  path: Assets/Low Poly Christmas Pack Free/Prefabs/046 Xmas_Tree.prefab
  artifactKey: Guid(b71c917bac2cd4b4cae989263f5b828f) Importer(2089858483,934ff659095e30574adcf32a4c2f97b5)
Start importing Assets/Low Poly Christmas Pack Free/Prefabs/046 Xmas_Tree.prefab using Guid(b71c917bac2cd4b4cae989263f5b828f) Importer(2089858483,934ff659095e30574adcf32a4c2f97b5) Generated GUIDs only implemented for interfaces!
 -> (artifact id: '899a8476c2b1af9fb131542a5341e9d0') in 0.013999 seconds 
========================================================================
Received Import Request.
  Time since last request: 0.000069 seconds.
  path: Assets/Low Poly Christmas Pack Free/Prefabs/087 Dog.prefab
  artifactKey: Guid(b385cf4ac53774c5c9a5f0eebf4defe6) Importer(2089858483,934ff659095e30574adcf32a4c2f97b5)
Start importing Assets/Low Poly Christmas Pack Free/Prefabs/087 Dog.prefab using Guid(b385cf4ac53774c5c9a5f0eebf4defe6) Importer(2089858483,934ff659095e30574adcf32a4c2f97b5) Generated GUIDs only implemented for interfaces!
 -> (artifact id: '13b8a9808a70080d9a66c754aa8c869a') in 0.012851 seconds 
========================================================================
Received Import Request.
  Time since last request: 0.000023 seconds.
  path: Assets/Low Poly Christmas Pack Free/Prefabs/050 Xmas_Tree.prefab
  artifactKey: Guid(e65c2bfdabb1b4aa19450da4f60ce978) Importer(2089858483,934ff659095e30574adcf32a4c2f97b5)
Start importing Assets/Low Poly Christmas Pack Free/Prefabs/050 Xmas_Tree.prefab using Guid(e65c2bfdabb1b4aa19450da4f60ce978) Importer(2089858483,934ff659095e30574adcf32a4c2f97b5) Generated GUIDs only implemented for interfaces!
 -> (artifact id: '1ab5b1d137af4a5747bde95173d511ce') in 0.015300 seconds 
========================================================================
Received Import Request.
  Time since last request: 0.000171 seconds.
  path: Assets/Low Poly Christmas Pack Free/Prefabs/080 Caw.prefab
  artifactKey: Guid(d29090626e95b4b52b6b1d00ac9c1408) Importer(2089858483,934ff659095e30574adcf32a4c2f97b5)
Start importing Assets/Low Poly Christmas Pack Free/Prefabs/080 Caw.prefab using Guid(d29090626e95b4b52b6b1d00ac9c1408) Importer(2089858483,934ff659095e30574adcf32a4c2f97b5) Generated GUIDs only implemented for interfaces!
 -> (artifact id: 'ad7358ab7482d24acccabbd713f6aab6') in 0.019709 seconds 
========================================================================
Received Import Request.
  Time since last request: 0.000064 seconds.
  path: Assets/Low Poly Christmas Pack Free/Prefabs/070 Buggy.prefab
  artifactKey: Guid(3d9da2de73665478192836be2535ac9b) Importer(2089858483,934ff659095e30574adcf32a4c2f97b5)
Start importing Assets/Low Poly Christmas Pack Free/Prefabs/070 Buggy.prefab using Guid(3d9da2de73665478192836be2535ac9b) Importer(2089858483,934ff659095e30574adcf32a4c2f97b5) Generated GUIDs only implemented for interfaces!
 -> (artifact id: 'b0816253ecad9596b4d0f2bc243c2a14') in 0.028548 seconds 
========================================================================
Received Import Request.
  Time since last request: 0.000029 seconds.
  path: Assets/Low Poly Christmas Pack Free/Prefabs/083 Chicken.prefab
  artifactKey: Guid(d19d3439c13d84a398d06dce4fd33503) Importer(2089858483,934ff659095e30574adcf32a4c2f97b5)
Start importing Assets/Low Poly Christmas Pack Free/Prefabs/083 Chicken.prefab using Guid(d19d3439c13d84a398d06dce4fd33503) Importer(2089858483,934ff659095e30574adcf32a4c2f97b5) Generated GUIDs only implemented for interfaces!
 -> (artifact id: '19d2988a226f159ebe3d369a3a274312') in 0.017295 seconds 
========================================================================
Received Import Request.
  Time since last request: 0.000060 seconds.
  path: Assets/Low Poly Christmas Pack Free/Prefabs/066 Xmas_Girl.prefab
  artifactKey: Guid(9d4916b67718e48dca2810d9ef5edf03) Importer(2089858483,934ff659095e30574adcf32a4c2f97b5)
Start importing Assets/Low Poly Christmas Pack Free/Prefabs/066 Xmas_Girl.prefab using Guid(9d4916b67718e48dca2810d9ef5edf03) Importer(2089858483,934ff659095e30574adcf32a4c2f97b5) Generated GUIDs only implemented for interfaces!
 -> (artifact id: '82cd4ea811493b748fdc3f927d0fe955') in 0.016904 seconds 
========================================================================
Received Import Request.
  Time since last request: 0.306108 seconds.
  path: Assets/Stones_and_buried_treasure/Materials/Wood_3.mat
  artifactKey: Guid(2a4453da25b476a4bbdcbc385bbca642) Importer(2089858483,934ff659095e30574adcf32a4c2f97b5)
Start importing Assets/Stones_and_buried_treasure/Materials/Wood_3.mat using Guid(2a4453da25b476a4bbdcbc385bbca642) Importer(2089858483,934ff659095e30574adcf32a4c2f97b5) Generated GUIDs only implemented for interfaces!
 -> (artifact id: 'a992d726d709c6841cc0df0f882cd10a') in 0.013012 seconds 
========================================================================
Received Import Request.
  Time since last request: 0.000033 seconds.
  path: Assets/Stones_and_buried_treasure/Prefabs/Pick.prefab
  artifactKey: Guid(6191d242d97347540a6f4263049bdfed) Importer(2089858483,934ff659095e30574adcf32a4c2f97b5)
Start importing Assets/Stones_and_buried_treasure/Prefabs/Pick.prefab using Guid(6191d242d97347540a6f4263049bdfed) Importer(2089858483,934ff659095e30574adcf32a4c2f97b5) Generated GUIDs only implemented for interfaces!
 -> (artifact id: '561795449ea39a2c0c14c051bad74c6c') in 0.016720 seconds 
========================================================================
Received Import Request.
  Time since last request: 0.000028 seconds.
  path: Assets/Stones_and_buried_treasure/Prefabs/Ground.prefab
  artifactKey: Guid(0ed7946982320464596b995b61ecdf34) Importer(2089858483,934ff659095e30574adcf32a4c2f97b5)
Start importing Assets/Stones_and_buried_treasure/Prefabs/Ground.prefab using Guid(0ed7946982320464596b995b61ecdf34) Importer(2089858483,934ff659095e30574adcf32a4c2f97b5) Generated GUIDs only implemented for interfaces!
 -> (artifact id: 'c25ecad6e88c83fbbd3907db2de1de3b') in 0.013720 seconds 
========================================================================
Received Import Request.
  Time since last request: 0.000038 seconds.
  path: Assets/Stones_and_buried_treasure/Prefabs/Key.prefab
  artifactKey: Guid(5f19be0067756ea45bd6b780e9794b80) Importer(2089858483,934ff659095e30574adcf32a4c2f97b5)
Start importing Assets/Stones_and_buried_treasure/Prefabs/Key.prefab using Guid(5f19be0067756ea45bd6b780e9794b80) Importer(2089858483,934ff659095e30574adcf32a4c2f97b5) Generated GUIDs only implemented for interfaces!
 -> (artifact id: 'cf7635ee29047d5da994a73890e3d727') in 0.020046 seconds 
========================================================================
Received Import Request.
  Time since last request: 0.000033 seconds.
  path: Assets/TextMesh Pro/Resources/TMP Settings.asset
  artifactKey: Guid(3f5b5dff67a942289a9defa416b206f3) Importer(2089858483,934ff659095e30574adcf32a4c2f97b5)
Start importing Assets/TextMesh Pro/Resources/TMP Settings.asset using Guid(3f5b5dff67a942289a9defa416b206f3) Importer(2089858483,934ff659095e30574adcf32a4c2f97b5) Generated GUIDs only implemented for interfaces!
 -> (artifact id: '3dcd02475730b80fde1d085a2df651b2') in 0.007444 seconds 
========================================================================
Received Import Request.
  Time since last request: 0.000040 seconds.
  path: Assets/Stones_and_buried_treasure/Prefabs/Bone.prefab
  artifactKey: Guid(11be0398bf08b574c839d66a800c6174) Importer(2089858483,934ff659095e30574adcf32a4c2f97b5)
Start importing Assets/Stones_and_buried_treasure/Prefabs/Bone.prefab using Guid(11be0398bf08b574c839d66a800c6174) Importer(2089858483,934ff659095e30574adcf32a4c2f97b5) Generated GUIDs only implemented for interfaces!
 -> (artifact id: '3b4d24e6ce271cbc60c200a14ea7b02a') in 0.014654 seconds 
========================================================================
Received Import Request.
  Time since last request: 0.000023 seconds.
  path: Assets/TextMesh Pro/Shaders/TMP_Sprite.shader
  artifactKey: Guid(cf81c85f95fe47e1a27f6ae460cf182c) Importer(2089858483,934ff659095e30574adcf32a4c2f97b5)
Start importing Assets/TextMesh Pro/Shaders/TMP_Sprite.shader using Guid(cf81c85f95fe47e1a27f6ae460cf182c) Importer(2089858483,934ff659095e30574adcf32a4c2f97b5) Generated GUIDs only implemented for interfaces!
 -> (artifact id: '1605dcdbf68ac4f515ea2e2b111181e2') in 0.012184 seconds 
========================================================================
Received Import Request.
  Time since last request: 0.000034 seconds.
  path: Assets/Stones_and_buried_treasure/Prefabs/Chest_Open.prefab
  artifactKey: Guid(33bf31b2b982a14499d546025065ad22) Importer(2089858483,934ff659095e30574adcf32a4c2f97b5)
Start importing Assets/Stones_and_buried_treasure/Prefabs/Chest_Open.prefab using Guid(33bf31b2b982a14499d546025065ad22) Importer(2089858483,934ff659095e30574adcf32a4c2f97b5) Generated GUIDs only implemented for interfaces!
 -> (artifact id: '3cc00010fb4e8db983d07ed470c886e1') in 0.014684 seconds 
========================================================================
Received Import Request.
  Time since last request: 0.000050 seconds.
  path: Assets/TextMesh Pro/Shaders/TMP_Bitmap-Mobile.shader
  artifactKey: Guid(1e3b057af24249748ff873be7fafee47) Importer(2089858483,934ff659095e30574adcf32a4c2f97b5)
Start importing Assets/TextMesh Pro/Shaders/TMP_Bitmap-Mobile.shader using Guid(1e3b057af24249748ff873be7fafee47) Importer(2089858483,934ff659095e30574adcf32a4c2f97b5) Generated GUIDs only implemented for interfaces!
 -> (artifact id: 'cfe08f78ec53ffc3868f3cf9cdf0c0c8') in 0.012136 seconds 
Editor requested this worker to shutdown with reason: Scaling down because of idle timeout
AssetImportWorker is now disconnected from the server
Process exiting
Exiting without the bug reporter. Application will terminate with return code 0